<?xml version="1.0" encoding="UTF-8" ?>
<testsuite tests="30" failures="0" name="asd.demo.test.RunTest" time="0.851" errors="0" skipped="25">
  <properties>
    <property name="java.runtime.name" value="Java(TM) SE Runtime Environment"/>
    <property name="sun.boot.library.path" value="C:\Program Files\Java\jdk1.8.0_201\jre\bin"/>
    <property name="java.vm.version" value="25.201-b09"/>
    <property name="java.vm.vendor" value="Oracle Corporation"/>
    <property name="java.vendor.url" value="http://java.oracle.com/"/>
    <property name="path.separator" value=";"/>
    <property name="guice.disable.misplaced.annotation.check" value="true"/>
    <property name="java.vm.name" value="Java HotSpot(TM) 64-Bit Server VM"/>
    <property name="file.encoding.pkg" value="sun.io"/>
    <property name="user.script" value=""/>
    <property name="user.country" value="AU"/>
    <property name="sun.java.launcher" value="SUN_STANDARD"/>
    <property name="sun.os.patch.level" value=""/>
    <property name="java.vm.specification.name" value="Java Virtual Machine Specification"/>
    <property name="user.dir" value="C:\Users\mougi\Documents\NetBeansProjects\ASD-Demo-app-master"/>
    <property name="java.runtime.version" value="1.8.0_201-b09"/>
    <property name="netbeans.deploy" value="true"/>
    <property name="java.awt.graphicsenv" value="sun.awt.Win32GraphicsEnvironment"/>
    <property name="java.endorsed.dirs" value="C:\Program Files\Java\jdk1.8.0_201\jre\lib\endorsed"/>
    <property name="os.arch" value="amd64"/>
    <property name="java.io.tmpdir" value="C:\Users\mougi\AppData\Local\Temp\"/>
    <property name="line.separator" value="
"/>
    <property name="java.vm.specification.vendor" value="Oracle Corporation"/>
    <property name="user.variant" value=""/>
    <property name="os.name" value="Windows 10"/>
    <property name="maven.ext.class.path" value="C:\Program Files\NetBeans 8.2\java\maven-nblib\netbeans-eventspy.jar"/>
    <property name="classworlds.conf" value="C:\Program Files\NetBeans 8.2\java\maven\bin\m2.conf"/>
    <property name="sun.jnu.encoding" value="Cp1252"/>
    <property name="java.library.path" value="C:\Program Files\Java\jdk1.8.0_201\bin;C:\WINDOWS\Sun\Java\bin;C:\WINDOWS\system32;C:\WINDOWS;C:\Program Files (x86)\Common Files\Oracle\Java\javapath;C:\Program Files (x86)\Intel\iCLS Client\;C:\Program Files\Intel\iCLS Client\;C:\WINDOWS\system32;C:\WINDOWS;C:\WINDOWS\System32\Wbem;C:\WINDOWS\System32\WindowsPowerShell\v1.0\;C:\Program Files (x86)\Intel\Intel(R) Management Engine Components\DAL;C:\Program Files\Intel\Intel(R) Management Engine Components\DAL;C:\Program Files (x86)\Intel\Intel(R) Management Engine Components\IPT;C:\Program Files\Intel\Intel(R) Management Engine Components\IPT;C:\WINDOWS\System32\OpenSSH\;C:\Program Files\Intel\WiFi\bin\;C:\Program Files\Common Files\Intel\WirelessCommon\;C:\Program Files\Git\cmd;C:\Users\mougi\AppData\Local\Microsoft\WindowsApps;C:\Users\mougi\AppData\Local\GitHubDesktop\bin;C:\Users\mougi\AppData\Local\Microsoft\WindowsApps;C:\Program Files\heroku\bin;."/>
    <property name="java.specification.name" value="Java Platform API Specification"/>
    <property name="java.class.version" value="52.0"/>
    <property name="sun.management.compiler" value="HotSpot 64-Bit Tiered Compilers"/>
    <property name="os.version" value="10.0"/>
    <property name="user.home" value="C:\Users\mougi"/>
    <property name="user.timezone" value="Australia/Sydney"/>
    <property name="java.awt.printerjob" value="sun.awt.windows.WPrinterJob"/>
    <property name="java.specification.version" value="1.8"/>
    <property name="file.encoding" value="UTF-8"/>
    <property name="user.name" value="mougi"/>
    <property name="java.class.path" value="C:\Program Files\NetBeans 8.2\java\maven\boot\plexus-classworlds-2.4.jar"/>
    <property name="java.vm.specification.version" value="1.8"/>
    <property name="sun.arch.data.model" value="64"/>
    <property name="java.home" value="C:\Program Files\Java\jdk1.8.0_201\jre"/>
    <property name="sun.java.command" value="org.codehaus.plexus.classworlds.launcher.Launcher -Dnetbeans.deploy=true -Dmaven.ext.class.path=C:\Program Files\NetBeans 8.2\java\maven-nblib\netbeans-eventspy.jar -Dfile.encoding=UTF-8 package"/>
    <property name="java.specification.vendor" value="Oracle Corporation"/>
    <property name="user.language" value="en"/>
    <property name="awt.toolkit" value="sun.awt.windows.WToolkit"/>
    <property name="java.vm.info" value="mixed mode"/>
    <property name="java.version" value="1.8.0_201"/>
    <property name="java.ext.dirs" value="C:\Program Files\Java\jdk1.8.0_201\jre\lib\ext;C:\WINDOWS\Sun\Java\lib\ext"/>
    <property name="sun.boot.class.path" value="C:\Program Files\Java\jdk1.8.0_201\jre\lib\resources.jar;C:\Program Files\Java\jdk1.8.0_201\jre\lib\rt.jar;C:\Program Files\Java\jdk1.8.0_201\jre\lib\sunrsasign.jar;C:\Program Files\Java\jdk1.8.0_201\jre\lib\jsse.jar;C:\Program Files\Java\jdk1.8.0_201\jre\lib\jce.jar;C:\Program Files\Java\jdk1.8.0_201\jre\lib\charsets.jar;C:\Program Files\Java\jdk1.8.0_201\jre\lib\jfr.jar;C:\Program Files\Java\jdk1.8.0_201\jre\classes"/>
    <property name="java.vendor" value="Oracle Corporation"/>
    <property name="maven.home" value="C:\Program Files\NetBeans 8.2\java\maven"/>
    <property name="file.separator" value="\"/>
    <property name="java.vendor.url.bug" value="http://bugreport.sun.com/bugreport/"/>
    <property name="sun.cpu.endian" value="little"/>
    <property name="sun.io.unicode.encoding" value="UnicodeLittle"/>
    <property name="sun.desktop" value="windows"/>
    <property name="sun.cpu.isalist" value="amd64"/>
  </properties>
  <testcase classname="Scenario: Successful login to mLab" name="Given I am on mLab login page" time="0.004">
    <skipped/>
  </testcase>
  <testcase classname="Scenario: Successful login to mLab" name="When I fill in \&quot;Username\&quot; with \&quot;&lt;mLab username&gt;\&quot;" time="0.011">
    <skipped/>
  </testcase>
  <testcase classname="Scenario: Successful login to mLab" name="And I fill in \&quot;Password\&quot; with \&quot;&lt;mLab Password&gt;\&quot;" time="0.011">
    <skipped/>
  </testcase>
  <testcase classname="Scenario: Successful login to mLab" name="Then I should see \&quot;mLab Connection\&quot; green" time="0.011">
    <skipped/>
  </testcase>
  <testcase classname="Scenario: Successful login to mLab" name="Scenario: Successful login to mLab" time="0.011">
    <skipped/>
  </testcase>
  <testcase classname="Scenario: Successful login to mLab" name="Scenario: Successful login to mLab" time="0.011"/>
  <testcase classname="| Test | !23 | Incorrect credentials. Try again! |" name="Given I am on mLab login page" time="0.001">
    <skipped/>
  </testcase>
  <testcase classname="| Test | !23 | Incorrect credentials. Try again! |" name="When I fill in \&quot;Username\&quot; with \&quot;Test\&quot;" time="0.005">
    <skipped/>
  </testcase>
  <testcase classname="| Test | !23 | Incorrect credentials. Try again! |" name="And I fill in \&quot;Password\&quot; with \&quot;!23\&quot;" time="0.005">
    <skipped/>
  </testcase>
  <testcase classname="| Test | !23 | Incorrect credentials. Try again! |" name="Then I should see \&quot;mLab Connection\&quot; red" time="0.006">
    <skipped/>
  </testcase>
  <testcase classname="| Test | !23 | Incorrect credentials. Try again! |" name="| Test | !23 | Incorrect credentials. Try again! |" time="0.009">
    <skipped/>
  </testcase>
  <testcase classname="| Test | !23 | Incorrect credentials. Try again! |" name="| Test | !23 | Incorrect credentials. Try again! |" time="0.009"/>
  <testcase classname="| Test |  | Please enter password. |" name="Given I am on mLab login page" time="0.013">
    <skipped/>
  </testcase>
  <testcase classname="| Test |  | Please enter password. |" name="When I fill in \&quot;Username\&quot; with \&quot;Test\&quot;" time="0.013">
    <skipped/>
  </testcase>
  <testcase classname="| Test |  | Please enter password. |" name="And I fill in \&quot;Password\&quot; with \&quot;\&quot;" time="0.013">
    <skipped/>
  </testcase>
  <testcase classname="| Test |  | Please enter password. |" name="Then I should see \&quot;mLab Connection\&quot; red" time="0.014">
    <skipped/>
  </testcase>
  <testcase classname="| Test |  | Please enter password. |" name="| Test |  | Please enter password. |" time="0.014">
    <skipped/>
  </testcase>
  <testcase classname="| Test |  | Please enter password. |" name="| Test |  | Please enter password. |" time="0.014"/>
  <testcase classname="|  | 123 | Please enter username. |" name="Given I am on mLab login page" time="0.002">
    <skipped/>
  </testcase>
  <testcase classname="|  | 123 | Please enter username. |" name="When I fill in \&quot;Username\&quot; with \&quot;\&quot;" time="0.005">
    <skipped/>
  </testcase>
  <testcase classname="|  | 123 | Please enter username. |" name="And I fill in \&quot;Password\&quot; with \&quot;123\&quot;" time="0.005">
    <skipped/>
  </testcase>
  <testcase classname="|  | 123 | Please enter username. |" name="Then I should see \&quot;mLab Connection\&quot; red" time="0.006">
    <skipped/>
  </testcase>
  <testcase classname="|  | 123 | Please enter username. |" name="|  | 123 | Please enter username. |" time="0.006">
    <skipped/>
  </testcase>
  <testcase classname="|  | 123 | Please enter username. |" name="|  | 123 | Please enter username. |" time="0.006"/>
  <testcase classname="|  |  | Please enter your credentials. |" name="Given I am on mLab login page" time="0.002">
    <skipped/>
  </testcase>
  <testcase classname="|  |  | Please enter your credentials. |" name="When I fill in \&quot;Username\&quot; with \&quot;\&quot;" time="0.003">
    <skipped/>
  </testcase>
  <testcase classname="|  |  | Please enter your credentials. |" name="And I fill in \&quot;Password\&quot; with \&quot;\&quot;" time="0.004">
    <skipped/>
  </testcase>
  <testcase classname="|  |  | Please enter your credentials. |" name="Then I should see \&quot;mLab Connection\&quot; red" time="0.004">
    <skipped/>
  </testcase>
  <testcase classname="|  |  | Please enter your credentials. |" name="|  |  | Please enter your credentials. |" time="0.004">
    <skipped/>
  </testcase>
  <testcase classname="|  |  | Please enter your credentials. |" name="|  |  | Please enter your credentials. |" time="0.005"/>
</testsuite>